
SQL*Loader: Release 19.0.0.0.0 - Production on Sat Jul 2 11:06:40 2022
Version 19.3.0.0.0

Copyright (c) 1982, 2019, Oracle and/or its affiliates.  All rights reserved.

Control File:   /home/oracle/Documents/progettoDatabaseNoSQL/files/controlTransazioni.ctl
Data File:      /home/oracle/Documents/progettoDatabaseNoSQL/files/transazioni15000.csv
  Bad File:     /home/oracle/Documents/progettoDatabaseNoSQL/files/transazioni15000.bad
  Discard File:  none specified
 
 (Allow all discards)

Number to load: ALL
Number to skip: 0
Errors allowed: 50
Bind array:     250 rows, maximum of 1048576 bytes
Continuation:    none specified
Path used:      Conventional

Table TRANSAZIONI, loaded from every logical record.
Insert option in effect for this table: INSERT
TRAILING NULLCOLS option in effect

   Column Name                  Position   Len  Term Encl Datatype
------------------------------ ---------- ----- ---- ---- ---------------------
ID                                  FIRST     *   ,  O(") CHARACTER            
CODICE_TRANSAZIONE                   NEXT     *   ,  O(") CHARACTER            
IMPORTO                              NEXT     *   ,  O(") CHARACTER            
EMITTENTE                            NEXT     *   ,  O(") CHARACTER            
BENEFICIARIO                         NEXT     *   ,  O(") CHARACTER            
BANCA                                NEXT     *   ,  O(") CHARACTER            
DATA                                 NEXT     *   ,  O(") CHARACTER            

Record 1: Rejected - Error on table TRANSAZIONI, column ID.
ORA-01722: invalid number

Record 426: Rejected - Error on table TRANSAZIONI.
ORA-02291: integrity constraint (SYSTEM.SYS_C0013374) violated - parent key not found


Table TRANSAZIONI:
  14999 Rows successfully loaded.
  2 Rows not loaded due to data errors.
  0 Rows not loaded because all WHEN clauses were failed.
  0 Rows not loaded because all fields were null.


Space allocated for bind array:                 451500 bytes(250 rows)
Read   buffer bytes: 1048576

Total logical records skipped:          0
Total logical records read:         15001
Total logical records rejected:         2
Total logical records discarded:        0

Run began on Sat Jul 02 11:06:40 2022
Run ended on Sat Jul 02 11:06:41 2022

Elapsed time was:     00:00:01.47
CPU time was:         00:00:00.09
