
SQL*Loader: Release 19.0.0.0.0 - Production on Sat Jul 2 11:06:42 2022
Version 19.3.0.0.0

Copyright (c) 1982, 2019, Oracle and/or its affiliates.  All rights reserved.

Control File:   /home/oracle/Documents/progettoDatabaseNoSQL/files/controlQuotazioni.ctl
Data File:      /home/oracle/Documents/progettoDatabaseNoSQL/files/quotazioni-aziende25000.csv
  Bad File:     /home/oracle/Documents/progettoDatabaseNoSQL/files/quotazioni-aziende25000.bad
  Discard File:  none specified
 
 (Allow all discards)

Number to load: ALL
Number to skip: 0
Errors allowed: 50
Bind array:     250 rows, maximum of 1048576 bytes
Continuation:    none specified
Path used:      Conventional

Table QUOTAZIONI, loaded from every logical record.
Insert option in effect for this table: APPEND

   Column Name                  Position   Len  Term Encl Datatype
------------------------------ ---------- ----- ---- ---- ---------------------
AZIENDA                             FIRST     *   ,  O(") CHARACTER            
AZIONISTA                            NEXT     *   ,  O(") CHARACTER            
QUOTA                                NEXT     *   ,  O(") CHARACTER            
UBO                                  NEXT     *   ,  O(") CHARACTER            
NIENTE                               NEXT     1   ,  O(") CHARACTER            
  (FILLER FIELD)

Record 1: Rejected - Error on table QUOTAZIONI, column NIENTE.
Column not found before end of logical record (use TRAILING NULLCOLS)
Record 42819: Rejected - Error on table QUOTAZIONI.
ORA-02291: integrity constraint (SYSTEM.SYS_C0013378) violated - parent key not found

Record 42820: Rejected - Error on table QUOTAZIONI.
ORA-02291: integrity constraint (SYSTEM.SYS_C0013378) violated - parent key not found

Record 42821: Rejected - Error on table QUOTAZIONI.
ORA-02291: integrity constraint (SYSTEM.SYS_C0013378) violated - parent key not found

Record 42822: Rejected - Error on table QUOTAZIONI.
ORA-02291: integrity constraint (SYSTEM.SYS_C0013378) violated - parent key not found

Record 42823: Rejected - Error on table QUOTAZIONI.
ORA-02291: integrity constraint (SYSTEM.SYS_C0013378) violated - parent key not found

Record 42824: Rejected - Error on table QUOTAZIONI.
ORA-02291: integrity constraint (SYSTEM.SYS_C0013378) violated - parent key not found

Record 42825: Rejected - Error on table QUOTAZIONI.
ORA-02291: integrity constraint (SYSTEM.SYS_C0013378) violated - parent key not found

Record 42826: Rejected - Error on table QUOTAZIONI.
ORA-02291: integrity constraint (SYSTEM.SYS_C0013378) violated - parent key not found

Record 42827: Rejected - Error on table QUOTAZIONI.
ORA-02291: integrity constraint (SYSTEM.SYS_C0013378) violated - parent key not found

Record 46853: Rejected - Error on table QUOTAZIONI, column NIENTE.
Column not found before end of logical record (use TRAILING NULLCOLS)

Table QUOTAZIONI:
  66943 Rows successfully loaded.
  11 Rows not loaded due to data errors.
  0 Rows not loaded because all WHEN clauses were failed.
  0 Rows not loaded because all fields were null.


Space allocated for bind array:                 258000 bytes(250 rows)
Read   buffer bytes: 1048576

Total logical records skipped:          0
Total logical records read:         66954
Total logical records rejected:        11
Total logical records discarded:        0

Run began on Sat Jul 02 11:06:42 2022
Run ended on Sat Jul 02 11:06:44 2022

Elapsed time was:     00:00:02.62
CPU time was:         00:00:00.21
